Build started 12/5/2017 9:48:24 PM.
     1>Project "C:\Users\josef\Documents\Visual Studio 2010\Projects\gg\submission\submission\submission.vcxproj" on node 2 (build target(s)).
     1>InitializeBuildStatus:
         Creating "Debug\submission.unsuccessfulbuild" because "AlwaysCreate" was specified.
       ClCompile:
         c:\Program Files (x86)\Microsoft Visual Studio 10.0\VC\bin\CL.exe /c /ZI /nologo /W3 /WX- /Od /Oy- /D _MBCS /Gm /EHsc /RTC1 /MDd /GS /fp:precise /Zc:wchar_t /Zc:forScope /Fo"Debug\\" /Fd"Debug\vc100.pdb" /Gd /TP /analyze- /errorReport:prompt main.cpp
         main.cpp
       Link:
         c:\Program Files (x86)\Microsoft Visual Studio 10.0\VC\bin\link.exe /ERRORREPORT:PROMPT /OUT:"C:\Users\josef\Documents\Visual Studio 2010\Projects\gg\submission\Debug\submission.exe" /NOLOGO kernel32.lib user32.lib gdi32.lib winspool.lib comdlg32.lib advapi32.lib shell32.lib ole32.lib oleaut32.lib uuid.lib odbc32.lib odbccp32.lib /MANIFEST /ManifestFile:"Debug\submission.exe.intermediate.manifest" /MANIFESTUAC:"level='asInvoker' uiAccess='false'" /DEBUG /PDB:"C:\Users\josef\Documents\Visual Studio 2010\Projects\gg\submission\Debug\submission.pdb" /TLBID:1 /DYNAMICBASE /NXCOMPAT /IMPLIB:"C:\Users\josef\Documents\Visual Studio 2010\Projects\gg\submission\Debug\submission.lib" /MACHINE:X86 Debug\main.obj
         Debug\Matrixh.obj
         LINK : C:\Users\josef\Documents\Visual Studio 2010\Projects\gg\submission\Debug\submission.exe not found or not built by the last incremental link; performing full link
         submission.vcxproj -> C:\Users\josef\Documents\Visual Studio 2010\Projects\gg\submission\Debug\submission.exe
       Manifest:
         c:\Program Files (x86)\Microsoft SDKs\Windows\v7.0A\bin\mt.exe /nologo /verbose /outputresource:"C:\Users\josef\Documents\Visual Studio 2010\Projects\gg\submission\Debug\submission.exe;#1" /manifest Debug\submission.exe.intermediate.manifest
       FinalizeBuildStatus:
         Deleting file "Debug\submission.unsuccessfulbuild".
         Touching "Debug\submission.lastbuildstate".
     1>Done Building Project "C:\Users\josef\Documents\Visual Studio 2010\Projects\gg\submission\submission\submission.vcxproj" (build target(s)).

Build succeeded.

Time Elapsed 00:00:00.93
